<?xml version="1.0" encoding="UTF-8"?>
<testng-results skipped="0" failed="0" total="1" passed="1">
  <reporter-output>
  </reporter-output>
  <suite name="Suite" duration-ms="30" started-at="2016-06-12T18:19:07Z" finished-at="2016-06-12T18:19:07Z">
    <groups>
    </groups>
    <test name="Test" duration-ms="30" started-at="2016-06-12T18:19:07Z" finished-at="2016-06-12T18:19:07Z">
      <class name="com.maventest.sample.MavenDemo">
        <test-method status="PASS" signature="restDemo()[pri:0, instance:com.maventest.sample.MavenDemo@d041cf]" name="restDemo" duration-ms="12" started-at="2016-06-12T11:19:07Z" finished-at="2016-06-12T11:19:07Z">
          <reporter-output>
          </reporter-output>
        </test-method> <!-- restDemo -->
      </class> <!-- com.maventest.sample.MavenDemo -->
    </test> <!-- Test -->
  </suite> <!-- Suite -->
</testng-results>
